g:\quantumlibrary\casablanca\resourcemonitoring\cpprestsdk120\x64\debug\cpprestsdk120.pch
g:\quantumlibrary\casablanca\resourcemonitoring\cpprestsdk120\x64\debug\vc120.pdb
g:\quantumlibrary\casablanca\resourcemonitoring\cpprestsdk120\x64\debug\vc120.idb
g:\quantumlibrary\casablanca\resourcemonitoring\cpprestsdk120\x64\debug\stdafx.obj
g:\quantumlibrary\casablanca\resourcemonitoring\cpprestsdk120\x64\debug\http_listener_msg.obj
g:\quantumlibrary\casablanca\resourcemonitoring\cpprestsdk120\x64\debug\http_server_api.obj
g:\quantumlibrary\casablanca\resourcemonitoring\cpprestsdk120\x64\debug\http_server_httpsys.obj
g:\quantumlibrary\casablanca\resourcemonitoring\cpprestsdk120\x64\debug\oauth1.obj
g:\quantumlibrary\casablanca\resourcemonitoring\cpprestsdk120\x64\debug\oauth2.obj
g:\quantumlibrary\casablanca\resourcemonitoring\cpprestsdk120\x64\debug\json.obj
g:\quantumlibrary\casablanca\resourcemonitoring\cpprestsdk120\x64\debug\json_parsing.obj
g:\quantumlibrary\casablanca\resourcemonitoring\cpprestsdk120\x64\debug\json_serialization.obj
g:\quantumlibrary\casablanca\resourcemonitoring\cpprestsdk120\x64\debug\pplx.obj
g:\quantumlibrary\casablanca\resourcemonitoring\cpprestsdk120\x64\debug\pplxwin.obj
g:\quantumlibrary\casablanca\resourcemonitoring\cpprestsdk120\x64\debug\fileio_win32.obj
g:\quantumlibrary\casablanca\resourcemonitoring\cpprestsdk120\x64\debug\uri.obj
g:\quantumlibrary\casablanca\resourcemonitoring\cpprestsdk120\x64\debug\uri_builder.obj
g:\quantumlibrary\casablanca\resourcemonitoring\cpprestsdk120\x64\debug\uri_parser.obj
g:\quantumlibrary\casablanca\resourcemonitoring\cpprestsdk120\x64\debug\asyncrt_utils.obj
g:\quantumlibrary\casablanca\resourcemonitoring\cpprestsdk120\x64\debug\base64.obj
g:\quantumlibrary\casablanca\resourcemonitoring\cpprestsdk120\x64\debug\web_utilities.obj
g:\quantumlibrary\casablanca\resourcemonitoring\cpprestsdk120\x64\debug\ws_client.obj
g:\quantumlibrary\casablanca\resourcemonitoring\cpprestsdk120\x64\debug\ws_msg.obj
g:\quantumlibrary\casablanca\resourcemonitoring\cpprestsdk120\x64\debug\http_client.obj
g:\quantumlibrary\casablanca\resourcemonitoring\cpprestsdk120\x64\debug\http_client_msg.obj
g:\quantumlibrary\casablanca\resourcemonitoring\cpprestsdk120\x64\debug\http_client_winhttp.obj
g:\quantumlibrary\casablanca\resourcemonitoring\cpprestsdk120\x64\debug\http_msg.obj
g:\quantumlibrary\casablanca\resourcemonitoring\cpprestsdk120\x64\debug\http_listener.obj
g:\quantumlibrary\casablanca\resourcemonitoring\cpprestsdk120\x64\debug\ws_client_wspp.obj
g:\quantumlibrary\casablanca\resourcemonitoring\cpprestsdk120\x64\debug\x509_cert_utilities.obj
g:\quantumlibrary\casablanca\resourcemonitoring\cpprestsdk120\x64\debug\http_helpers.obj
g:\quantumlibrary\casablanca\resourcemonitoring\x64\debug\cpprestsdk120.lib
g:\quantumlibrary\casablanca\resourcemonitoring\cpprestsdk120\x64\debug\resource.res
g:\quantumlibrary\casablanca\resourcemonitoring\cpprestsdk120\x64\debug\cpprestsdk120.tlog\cl.command.1.tlog
g:\quantumlibrary\casablanca\resourcemonitoring\cpprestsdk120\x64\debug\cpprestsdk120.tlog\cl.read.1.tlog
g:\quantumlibrary\casablanca\resourcemonitoring\cpprestsdk120\x64\debug\cpprestsdk120.tlog\cl.write.1.tlog
g:\quantumlibrary\casablanca\resourcemonitoring\cpprestsdk120\x64\debug\cpprestsdk120.tlog\lib-link-cvtres.read.1.tlog
g:\quantumlibrary\casablanca\resourcemonitoring\cpprestsdk120\x64\debug\cpprestsdk120.tlog\lib-link-cvtres.write.1.tlog
g:\quantumlibrary\casablanca\resourcemonitoring\cpprestsdk120\x64\debug\cpprestsdk120.tlog\lib.command.1.tlog
g:\quantumlibrary\casablanca\resourcemonitoring\cpprestsdk120\x64\debug\cpprestsdk120.tlog\rc.command.1.tlog
g:\quantumlibrary\casablanca\resourcemonitoring\cpprestsdk120\x64\debug\cpprestsdk120.tlog\rc.read.1.tlog
g:\quantumlibrary\casablanca\resourcemonitoring\cpprestsdk120\x64\debug\cpprestsdk120.tlog\rc.write.1.tlog
